<?xml version="1.0" encoding="UTF-8"?>
<testng-results ignored="0" total="2" passed="2" failed="0" skipped="0">
  <reporter-output>
  </reporter-output>
  <suite started-at="2024-11-19T17:56:42 IST" name="Default suite" finished-at="2024-11-19T17:56:44 IST" duration-ms="2090">
    <groups>
    </groups>
    <test started-at="2024-11-19T17:56:42 IST" name="Default test" finished-at="2024-11-19T17:56:44 IST" duration-ms="2090">
      <class name="day2.DiffWaysToPostReqBoday">
        <test-method signature="testPostUsingHashMap()[pri:1, instance:day2.DiffWaysToPostReqBoday@28261e8e]" started-at="2024-11-19T17:56:42 IST" name="testPostUsingHashMap" finished-at="2024-11-19T17:56:44 IST" duration-ms="2000" status="PASS">
          <reporter-output>
          </reporter-output>
        </test-method> <!-- testPostUsingHashMap -->
        <test-method signature="testDelete()[pri:2, instance:day2.DiffWaysToPostReqBoday@28261e8e]" started-at="2024-11-19T17:56:44 IST" name="testDelete" finished-at="2024-11-19T17:56:44 IST" duration-ms="47" status="PASS">
          <reporter-output>
          </reporter-output>
        </test-method> <!-- testDelete -->
      </class> <!-- day2.DiffWaysToPostReqBoday -->
    </test> <!-- Default test -->
  </suite> <!-- Default suite -->
</testng-results>
